D:\Project\wordloom-v3\backend\scripts\legacy\search_outbox_worker.py:52: DeprecationWarning: 'asyncio.WindowsSelectorEventLoopPolicy' is deprecated and slated for removal in Python 3.16
  asyncio.set_event_loop_policy(asyncio.WindowsSelectorEventLoopPolicy())
D:\Project\wordloom-v3\backend\scripts\legacy\search_outbox_worker.py:52: DeprecationWarning: 'asyncio.set_event_loop_policy' is deprecated and slated for removal in Python 3.16
  asyncio.set_event_loop_policy(asyncio.WindowsSelectorEventLoopPolicy())
[OK] Database: postgresql+psycopg://wordloom:wordloom@localhost:5435/wordloom_test
{"ts": "2026-02-14T10:42:59.969818+00:00", "level": "WARNING", "logger": "__main__", "message": "Reclaimed 1 stuck outbox events (expired lease or max processing exceeded)", "taskName": "Task-1"}
{"ts": "2026-02-14T10:43:02.303357+00:00", "level": "ERROR", "logger": "__main__", "message": "Failed to process outbox event 5bf247ed-f566-4111-9c25-0954a6fab223", "taskName": "Task-7", "trace_id": "fbdd0c9b05e1b47a3dccda7f8e711097", "span_id": "6fae31da8228c44c", "exc_info": "Traceback (most recent call last):\n  File \"D:\\Project\\wordloom-v3\\.venv\\Lib\\site-packages\\httpx\\_transports\\default.py\", line 101, in map_httpcore_exceptions\n    yield\n  File \"D:\\Project\\wordloom-v3\\.venv\\Lib\\site-packages\\httpx\\_transports\\default.py\", line 394, in handle_async_request\n    resp = await self._pool.handle_async_request(req)\n           ^^^^^^^^^^^^^^^^^^^^^^^^^^^^^^^^^^^^^^^^^^\n  File \"D:\\Project\\wordloom-v3\\.venv\\Lib\\site-packages\\httpcore\\_async\\connection_pool.py\", line 256, in handle_async_request\n    raise exc from None\n  File \"D:\\Project\\wordloom-v3\\.venv\\Lib\\site-packages\\httpcore\\_async\\connection_pool.py\", line 236, in handle_async_request\n    response = await connection.handle_async_request(\n               ^^^^^^^^^^^^^^^^^^^^^^^^^^^^^^^^^^^^^^\n        pool_request.request\n        ^^^^^^^^^^^^^^^^^^^^\n    )\n    ^\n  File \"D:\\Project\\wordloom-v3\\.venv\\Lib\\site-packages\\httpcore\\_async\\connection.py\", line 101, in handle_async_request\n    raise exc\n  File \"D:\\Project\\wordloom-v3\\.venv\\Lib\\site-packages\\httpcore\\_async\\connection.py\", line 78, in handle_async_request\n    stream = await self._connect(request)\n             ^^^^^^^^^^^^^^^^^^^^^^^^^^^^\n  File \"D:\\Project\\wordloom-v3\\.venv\\Lib\\site-packages\\httpcore\\_async\\connection.py\", line 124, in _connect\n    stream = await self._network_backend.connect_tcp(**kwargs)\n             ^^^^^^^^^^^^^^^^^^^^^^^^^^^^^^^^^^^^^^^^^^^^^^^^^\n  File \"D:\\Project\\wordloom-v3\\.venv\\Lib\\site-packages\\httpcore\\_backends\\auto.py\", line 31, in connect_tcp\n    return await self._backend.connect_tcp(\n           ^^^^^^^^^^^^^^^^^^^^^^^^^^^^^^^^\n    ...<5 lines>...\n    )\n    ^\n  File \"D:\\Project\\wordloom-v3\\.venv\\Lib\\site-packages\\httpcore\\_backends\\anyio.py\", line 113, in connect_tcp\n    with map_exceptions(exc_map):\n         ~~~~~~~~~~~~~~^^^^^^^^^\n  File \"C:\\Python314\\Lib\\contextlib.py\", line 162, in __exit__\n    self.gen.throw(value)\n    ~~~~~~~~~~~~~~^^^^^^^\n  File \"D:\\Project\\wordloom-v3\\.venv\\Lib\\site-packages\\httpcore\\_exceptions.py\", line 14, in map_exceptions\n    raise to_exc(exc) from exc\nhttpcore.ConnectError: All connection attempts failed\n\nThe above exception was the direct cause of the following exception:\n\nTraceback (most recent call last):\n  File \"D:\\Project\\wordloom-v3\\backend\\scripts\\legacy\\search_outbox_worker.py\", line 921, in _process_one\n    await _process_delete(client, es_index, ev)\n  File \"D:\\Project\\wordloom-v3\\backend\\scripts\\legacy\\search_outbox_worker.py\", line 379, in _process_delete\n    resp = await client.delete(f\"/{index}/_doc/{doc_id}\")\n           ^^^^^^^^^^^^^^^^^^^^^^^^^^^^^^^^^^^^^^^^^^^^^^\n  File \"D:\\Project\\wordloom-v3\\.venv\\Lib\\site-packages\\httpx\\_client.py\", line 1966, in delete\n    return await self.request(\n           ^^^^^^^^^^^^^^^^^^^\n    ...<9 lines>...\n    )\n    ^\n  File \"D:\\Project\\wordloom-v3\\.venv\\Lib\\site-packages\\httpx\\_client.py\", line 1540, in request\n    return await self.send(request, auth=auth, follow_redirects=follow_redirects)\n           ^^^^^^^^^^^^^^^^^^^^^^^^^^^^^^^^^^^^^^^^^^^^^^^^^^^^^^^^^^^^^^^^^^^^^^\n  File \"D:\\Project\\wordloom-v3\\.venv\\Lib\\site-packages\\httpx\\_client.py\", line 1629, in send\n    response = await self._send_handling_auth(\n               ^^^^^^^^^^^^^^^^^^^^^^^^^^^^^^^\n    ...<4 lines>...\n    )\n    ^\n  File \"D:\\Project\\wordloom-v3\\.venv\\Lib\\site-packages\\httpx\\_client.py\", line 1657, in _send_handling_auth\n    response = await self._send_handling_redirects(\n               ^^^^^^^^^^^^^^^^^^^^^^^^^^^^^^^^^^^^\n    ...<3 lines>...\n    )\n    ^\n  File \"D:\\Project\\wordloom-v3\\.venv\\Lib\\site-packages\\httpx\\_client.py\", line 1694, in _send_handling_redirects\n    response = await self._send_single_request(request)\n               ^^^^^^^^^^^^^^^^^^^^^^^^^^^^^^^^^^^^^^^^\n  File \"D:\\Project\\wordloom-v3\\.venv\\Lib\\site-packages\\httpx\\_client.py\", line 1730, in _send_single_request\n    response = await transport.handle_async_request(request)\n               ^^^^^^^^^^^^^^^^^^^^^^^^^^^^^^^^^^^^^^^^^^^^^\n  File \"D:\\Project\\wordloom-v3\\.venv\\Lib\\site-packages\\opentelemetry\\instrumentation\\httpx\\__init__.py\", line 1241, in _handle_async_request_wrapper\n    raise exception.with_traceback(exception.__traceback__)\n  File \"D:\\Project\\wordloom-v3\\.venv\\Lib\\site-packages\\opentelemetry\\instrumentation\\httpx\\__init__.py\", line 1199, in _handle_async_request_wrapper\n    response = await wrapped(*args, **kwargs)\n               ^^^^^^^^^^^^^^^^^^^^^^^^^^^^^^\n  File \"D:\\Project\\wordloom-v3\\.venv\\Lib\\site-packages\\httpx\\_transports\\default.py\", line 393, in handle_async_request\n    with map_httpcore_exceptions():\n         ~~~~~~~~~~~~~~~~~~~~~~~^^\n  File \"C:\\Python314\\Lib\\contextlib.py\", line 162, in __exit__\n    self.gen.throw(value)\n    ~~~~~~~~~~~~~~^^^^^^^\n  File \"D:\\Project\\wordloom-v3\\.venv\\Lib\\site-packages\\httpx\\_transports\\default.py\", line 118, in map_httpcore_exceptions\n    raise mapped_exc(message) from exc\nhttpx.ConnectError: All connection attempts failed"}
{"ts": "2026-02-14T10:43:05.698394+00:00", "level": "ERROR", "logger": "__main__", "message": "Failed to process outbox event 1c82c86d-7638-473d-a37e-8f70756c2f73", "taskName": "Task-13", "trace_id": "d9df9b9191e7d7b2a57eb69e9f86b0bd", "span_id": "e10e2ddfb6a590ac", "exc_info": "Traceback (most recent call last):\n  File \"D:\\Project\\wordloom-v3\\.venv\\Lib\\site-packages\\httpx\\_transports\\default.py\", line 101, in map_httpcore_exceptions\n    yield\n  File \"D:\\Project\\wordloom-v3\\.venv\\Lib\\site-packages\\httpx\\_transports\\default.py\", line 394, in handle_async_request\n    resp = await self._pool.handle_async_request(req)\n           ^^^^^^^^^^^^^^^^^^^^^^^^^^^^^^^^^^^^^^^^^^\n  File \"D:\\Project\\wordloom-v3\\.venv\\Lib\\site-packages\\httpcore\\_async\\connection_pool.py\", line 256, in handle_async_request\n    raise exc from None\n  File \"D:\\Project\\wordloom-v3\\.venv\\Lib\\site-packages\\httpcore\\_async\\connection_pool.py\", line 236, in handle_async_request\n    response = await connection.handle_async_request(\n               ^^^^^^^^^^^^^^^^^^^^^^^^^^^^^^^^^^^^^^\n        pool_request.request\n        ^^^^^^^^^^^^^^^^^^^^\n    )\n    ^\n  File \"D:\\Project\\wordloom-v3\\.venv\\Lib\\site-packages\\httpcore\\_async\\connection.py\", line 101, in handle_async_request\n    raise exc\n  File \"D:\\Project\\wordloom-v3\\.venv\\Lib\\site-packages\\httpcore\\_async\\connection.py\", line 78, in handle_async_request\n    stream = await self._connect(request)\n             ^^^^^^^^^^^^^^^^^^^^^^^^^^^^\n  File \"D:\\Project\\wordloom-v3\\.venv\\Lib\\site-packages\\httpcore\\_async\\connection.py\", line 124, in _connect\n    stream = await self._network_backend.connect_tcp(**kwargs)\n             ^^^^^^^^^^^^^^^^^^^^^^^^^^^^^^^^^^^^^^^^^^^^^^^^^\n  File \"D:\\Project\\wordloom-v3\\.venv\\Lib\\site-packages\\httpcore\\_backends\\auto.py\", line 31, in connect_tcp\n    return await self._backend.connect_tcp(\n           ^^^^^^^^^^^^^^^^^^^^^^^^^^^^^^^^\n    ...<5 lines>...\n    )\n    ^\n  File \"D:\\Project\\wordloom-v3\\.venv\\Lib\\site-packages\\httpcore\\_backends\\anyio.py\", line 113, in connect_tcp\n    with map_exceptions(exc_map):\n         ~~~~~~~~~~~~~~^^^^^^^^^\n  File \"C:\\Python314\\Lib\\contextlib.py\", line 162, in __exit__\n    self.gen.throw(value)\n    ~~~~~~~~~~~~~~^^^^^^^\n  File \"D:\\Project\\wordloom-v3\\.venv\\Lib\\site-packages\\httpcore\\_exceptions.py\", line 14, in map_exceptions\n    raise to_exc(exc) from exc\nhttpcore.ConnectError: All connection attempts failed\n\nThe above exception was the direct cause of the following exception:\n\nTraceback (most recent call last):\n  File \"D:\\Project\\wordloom-v3\\backend\\scripts\\legacy\\search_outbox_worker.py\", line 921, in _process_one\n    await _process_delete(client, es_index, ev)\n  File \"D:\\Project\\wordloom-v3\\backend\\scripts\\legacy\\search_outbox_worker.py\", line 379, in _process_delete\n    resp = await client.delete(f\"/{index}/_doc/{doc_id}\")\n           ^^^^^^^^^^^^^^^^^^^^^^^^^^^^^^^^^^^^^^^^^^^^^^\n  File \"D:\\Project\\wordloom-v3\\.venv\\Lib\\site-packages\\httpx\\_client.py\", line 1966, in delete\n    return await self.request(\n           ^^^^^^^^^^^^^^^^^^^\n    ...<9 lines>...\n    )\n    ^\n  File \"D:\\Project\\wordloom-v3\\.venv\\Lib\\site-packages\\httpx\\_client.py\", line 1540, in request\n    return await self.send(request, auth=auth, follow_redirects=follow_redirects)\n           ^^^^^^^^^^^^^^^^^^^^^^^^^^^^^^^^^^^^^^^^^^^^^^^^^^^^^^^^^^^^^^^^^^^^^^\n  File \"D:\\Project\\wordloom-v3\\.venv\\Lib\\site-packages\\httpx\\_client.py\", line 1629, in send\n    response = await self._send_handling_auth(\n               ^^^^^^^^^^^^^^^^^^^^^^^^^^^^^^^\n    ...<4 lines>...\n    )\n    ^\n  File \"D:\\Project\\wordloom-v3\\.venv\\Lib\\site-packages\\httpx\\_client.py\", line 1657, in _send_handling_auth\n    response = await self._send_handling_redirects(\n               ^^^^^^^^^^^^^^^^^^^^^^^^^^^^^^^^^^^^\n    ...<3 lines>...\n    )\n    ^\n  File \"D:\\Project\\wordloom-v3\\.venv\\Lib\\site-packages\\httpx\\_client.py\", line 1694, in _send_handling_redirects\n    response = await self._send_single_request(request)\n               ^^^^^^^^^^^^^^^^^^^^^^^^^^^^^^^^^^^^^^^^\n  File \"D:\\Project\\wordloom-v3\\.venv\\Lib\\site-packages\\httpx\\_client.py\", line 1730, in _send_single_request\n    response = await transport.handle_async_request(request)\n               ^^^^^^^^^^^^^^^^^^^^^^^^^^^^^^^^^^^^^^^^^^^^^\n  File \"D:\\Project\\wordloom-v3\\.venv\\Lib\\site-packages\\opentelemetry\\instrumentation\\httpx\\__init__.py\", line 1241, in _handle_async_request_wrapper\n    raise exception.with_traceback(exception.__traceback__)\n  File \"D:\\Project\\wordloom-v3\\.venv\\Lib\\site-packages\\opentelemetry\\instrumentation\\httpx\\__init__.py\", line 1199, in _handle_async_request_wrapper\n    response = await wrapped(*args, **kwargs)\n               ^^^^^^^^^^^^^^^^^^^^^^^^^^^^^^\n  File \"D:\\Project\\wordloom-v3\\.venv\\Lib\\site-packages\\httpx\\_transports\\default.py\", line 393, in handle_async_request\n    with map_httpcore_exceptions():\n         ~~~~~~~~~~~~~~~~~~~~~~~^^\n  File \"C:\\Python314\\Lib\\contextlib.py\", line 162, in __exit__\n    self.gen.throw(value)\n    ~~~~~~~~~~~~~~^^^^^^^\n  File \"D:\\Project\\wordloom-v3\\.venv\\Lib\\site-packages\\httpx\\_transports\\default.py\", line 118, in map_httpcore_exceptions\n    raise mapped_exc(message) from exc\nhttpx.ConnectError: All connection attempts failed"}
{"ts": "2026-02-14T10:43:10.074918+00:00", "level": "ERROR", "logger": "__main__", "message": "Failed to process outbox event 1c82c86d-7638-473d-a37e-8f70756c2f73", "taskName": "Task-23", "trace_id": "8270764883ba36f752e408a81aff8f20", "span_id": "24f0a316607e47a5", "exc_info": "Traceback (most recent call last):\n  File \"D:\\Project\\wordloom-v3\\.venv\\Lib\\site-packages\\httpx\\_transports\\default.py\", line 101, in map_httpcore_exceptions\n    yield\n  File \"D:\\Project\\wordloom-v3\\.venv\\Lib\\site-packages\\httpx\\_transports\\default.py\", line 394, in handle_async_request\n    resp = await self._pool.handle_async_request(req)\n           ^^^^^^^^^^^^^^^^^^^^^^^^^^^^^^^^^^^^^^^^^^\n  File \"D:\\Project\\wordloom-v3\\.venv\\Lib\\site-packages\\httpcore\\_async\\connection_pool.py\", line 256, in handle_async_request\n    raise exc from None\n  File \"D:\\Project\\wordloom-v3\\.venv\\Lib\\site-packages\\httpcore\\_async\\connection_pool.py\", line 236, in handle_async_request\n    response = await connection.handle_async_request(\n               ^^^^^^^^^^^^^^^^^^^^^^^^^^^^^^^^^^^^^^\n        pool_request.request\n        ^^^^^^^^^^^^^^^^^^^^\n    )\n    ^\n  File \"D:\\Project\\wordloom-v3\\.venv\\Lib\\site-packages\\httpcore\\_async\\connection.py\", line 101, in handle_async_request\n    raise exc\n  File \"D:\\Project\\wordloom-v3\\.venv\\Lib\\site-packages\\httpcore\\_async\\connection.py\", line 78, in handle_async_request\n    stream = await self._connect(request)\n             ^^^^^^^^^^^^^^^^^^^^^^^^^^^^\n  File \"D:\\Project\\wordloom-v3\\.venv\\Lib\\site-packages\\httpcore\\_async\\connection.py\", line 124, in _connect\n    stream = await self._network_backend.connect_tcp(**kwargs)\n             ^^^^^^^^^^^^^^^^^^^^^^^^^^^^^^^^^^^^^^^^^^^^^^^^^\n  File \"D:\\Project\\wordloom-v3\\.venv\\Lib\\site-packages\\httpcore\\_backends\\auto.py\", line 31, in connect_tcp\n    return await self._backend.connect_tcp(\n           ^^^^^^^^^^^^^^^^^^^^^^^^^^^^^^^^\n    ...<5 lines>...\n    )\n    ^\n  File \"D:\\Project\\wordloom-v3\\.venv\\Lib\\site-packages\\httpcore\\_backends\\anyio.py\", line 113, in connect_tcp\n    with map_exceptions(exc_map):\n         ~~~~~~~~~~~~~~^^^^^^^^^\n  File \"C:\\Python314\\Lib\\contextlib.py\", line 162, in __exit__\n    self.gen.throw(value)\n    ~~~~~~~~~~~~~~^^^^^^^\n  File \"D:\\Project\\wordloom-v3\\.venv\\Lib\\site-packages\\httpcore\\_exceptions.py\", line 14, in map_exceptions\n    raise to_exc(exc) from exc\nhttpcore.ConnectError: All connection attempts failed\n\nThe above exception was the direct cause of the following exception:\n\nTraceback (most recent call last):\n  File \"D:\\Project\\wordloom-v3\\backend\\scripts\\legacy\\search_outbox_worker.py\", line 921, in _process_one\n    await _process_delete(client, es_index, ev)\n  File \"D:\\Project\\wordloom-v3\\backend\\scripts\\legacy\\search_outbox_worker.py\", line 379, in _process_delete\n    resp = await client.delete(f\"/{index}/_doc/{doc_id}\")\n           ^^^^^^^^^^^^^^^^^^^^^^^^^^^^^^^^^^^^^^^^^^^^^^\n  File \"D:\\Project\\wordloom-v3\\.venv\\Lib\\site-packages\\httpx\\_client.py\", line 1966, in delete\n    return await self.request(\n           ^^^^^^^^^^^^^^^^^^^\n    ...<9 lines>...\n    )\n    ^\n  File \"D:\\Project\\wordloom-v3\\.venv\\Lib\\site-packages\\httpx\\_client.py\", line 1540, in request\n    return await self.send(request, auth=auth, follow_redirects=follow_redirects)\n           ^^^^^^^^^^^^^^^^^^^^^^^^^^^^^^^^^^^^^^^^^^^^^^^^^^^^^^^^^^^^^^^^^^^^^^\n  File \"D:\\Project\\wordloom-v3\\.venv\\Lib\\site-packages\\httpx\\_client.py\", line 1629, in send\n    response = await self._send_handling_auth(\n               ^^^^^^^^^^^^^^^^^^^^^^^^^^^^^^^\n    ...<4 lines>...\n    )\n    ^\n  File \"D:\\Project\\wordloom-v3\\.venv\\Lib\\site-packages\\httpx\\_client.py\", line 1657, in _send_handling_auth\n    response = await self._send_handling_redirects(\n               ^^^^^^^^^^^^^^^^^^^^^^^^^^^^^^^^^^^^\n    ...<3 lines>...\n    )\n    ^\n  File \"D:\\Project\\wordloom-v3\\.venv\\Lib\\site-packages\\httpx\\_client.py\", line 1694, in _send_handling_redirects\n    response = await self._send_single_request(request)\n               ^^^^^^^^^^^^^^^^^^^^^^^^^^^^^^^^^^^^^^^^\n  File \"D:\\Project\\wordloom-v3\\.venv\\Lib\\site-packages\\httpx\\_client.py\", line 1730, in _send_single_request\n    response = await transport.handle_async_request(request)\n               ^^^^^^^^^^^^^^^^^^^^^^^^^^^^^^^^^^^^^^^^^^^^^\n  File \"D:\\Project\\wordloom-v3\\.venv\\Lib\\site-packages\\opentelemetry\\instrumentation\\httpx\\__init__.py\", line 1241, in _handle_async_request_wrapper\n    raise exception.with_traceback(exception.__traceback__)\n  File \"D:\\Project\\wordloom-v3\\.venv\\Lib\\site-packages\\opentelemetry\\instrumentation\\httpx\\__init__.py\", line 1199, in _handle_async_request_wrapper\n    response = await wrapped(*args, **kwargs)\n               ^^^^^^^^^^^^^^^^^^^^^^^^^^^^^^\n  File \"D:\\Project\\wordloom-v3\\.venv\\Lib\\site-packages\\httpx\\_transports\\default.py\", line 393, in handle_async_request\n    with map_httpcore_exceptions():\n         ~~~~~~~~~~~~~~~~~~~~~~~^^\n  File \"C:\\Python314\\Lib\\contextlib.py\", line 162, in __exit__\n    self.gen.throw(value)\n    ~~~~~~~~~~~~~~^^^^^^^\n  File \"D:\\Project\\wordloom-v3\\.venv\\Lib\\site-packages\\httpx\\_transports\\default.py\", line 118, in map_httpcore_exceptions\n    raise mapped_exc(message) from exc\nhttpx.ConnectError: All connection attempts failed"}
{"ts": "2026-02-14T10:43:13.446828+00:00", "level": "ERROR", "logger": "__main__", "message": "Failed to process outbox event 5bf247ed-f566-4111-9c25-0954a6fab223", "taskName": "Task-31", "trace_id": "90ef1724adb81e154fa6a6f1bbeeaf70", "span_id": "c02c867f49429daf", "exc_info": "Traceback (most recent call last):\n  File \"D:\\Project\\wordloom-v3\\.venv\\Lib\\site-packages\\httpx\\_transports\\default.py\", line 101, in map_httpcore_exceptions\n    yield\n  File \"D:\\Project\\wordloom-v3\\.venv\\Lib\\site-packages\\httpx\\_transports\\default.py\", line 394, in handle_async_request\n    resp = await self._pool.handle_async_request(req)\n           ^^^^^^^^^^^^^^^^^^^^^^^^^^^^^^^^^^^^^^^^^^\n  File \"D:\\Project\\wordloom-v3\\.venv\\Lib\\site-packages\\httpcore\\_async\\connection_pool.py\", line 256, in handle_async_request\n    raise exc from None\n  File \"D:\\Project\\wordloom-v3\\.venv\\Lib\\site-packages\\httpcore\\_async\\connection_pool.py\", line 236, in handle_async_request\n    response = await connection.handle_async_request(\n               ^^^^^^^^^^^^^^^^^^^^^^^^^^^^^^^^^^^^^^\n        pool_request.request\n        ^^^^^^^^^^^^^^^^^^^^\n    )\n    ^\n  File \"D:\\Project\\wordloom-v3\\.venv\\Lib\\site-packages\\httpcore\\_async\\connection.py\", line 101, in handle_async_request\n    raise exc\n  File \"D:\\Project\\wordloom-v3\\.venv\\Lib\\site-packages\\httpcore\\_async\\connection.py\", line 78, in handle_async_request\n    stream = await self._connect(request)\n             ^^^^^^^^^^^^^^^^^^^^^^^^^^^^\n  File \"D:\\Project\\wordloom-v3\\.venv\\Lib\\site-packages\\httpcore\\_async\\connection.py\", line 124, in _connect\n    stream = await self._network_backend.connect_tcp(**kwargs)\n             ^^^^^^^^^^^^^^^^^^^^^^^^^^^^^^^^^^^^^^^^^^^^^^^^^\n  File \"D:\\Project\\wordloom-v3\\.venv\\Lib\\site-packages\\httpcore\\_backends\\auto.py\", line 31, in connect_tcp\n    return await self._backend.connect_tcp(\n           ^^^^^^^^^^^^^^^^^^^^^^^^^^^^^^^^\n    ...<5 lines>...\n    )\n    ^\n  File \"D:\\Project\\wordloom-v3\\.venv\\Lib\\site-packages\\httpcore\\_backends\\anyio.py\", line 113, in connect_tcp\n    with map_exceptions(exc_map):\n         ~~~~~~~~~~~~~~^^^^^^^^^\n  File \"C:\\Python314\\Lib\\contextlib.py\", line 162, in __exit__\n    self.gen.throw(value)\n    ~~~~~~~~~~~~~~^^^^^^^\n  File \"D:\\Project\\wordloom-v3\\.venv\\Lib\\site-packages\\httpcore\\_exceptions.py\", line 14, in map_exceptions\n    raise to_exc(exc) from exc\nhttpcore.ConnectError: All connection attempts failed\n\nThe above exception was the direct cause of the following exception:\n\nTraceback (most recent call last):\n  File \"D:\\Project\\wordloom-v3\\backend\\scripts\\legacy\\search_outbox_worker.py\", line 921, in _process_one\n    await _process_delete(client, es_index, ev)\n  File \"D:\\Project\\wordloom-v3\\backend\\scripts\\legacy\\search_outbox_worker.py\", line 379, in _process_delete\n    resp = await client.delete(f\"/{index}/_doc/{doc_id}\")\n           ^^^^^^^^^^^^^^^^^^^^^^^^^^^^^^^^^^^^^^^^^^^^^^\n  File \"D:\\Project\\wordloom-v3\\.venv\\Lib\\site-packages\\httpx\\_client.py\", line 1966, in delete\n    return await self.request(\n           ^^^^^^^^^^^^^^^^^^^\n    ...<9 lines>...\n    )\n    ^\n  File \"D:\\Project\\wordloom-v3\\.venv\\Lib\\site-packages\\httpx\\_client.py\", line 1540, in request\n    return await self.send(request, auth=auth, follow_redirects=follow_redirects)\n           ^^^^^^^^^^^^^^^^^^^^^^^^^^^^^^^^^^^^^^^^^^^^^^^^^^^^^^^^^^^^^^^^^^^^^^\n  File \"D:\\Project\\wordloom-v3\\.venv\\Lib\\site-packages\\httpx\\_client.py\", line 1629, in send\n    response = await self._send_handling_auth(\n               ^^^^^^^^^^^^^^^^^^^^^^^^^^^^^^^\n    ...<4 lines>...\n    )\n    ^\n  File \"D:\\Project\\wordloom-v3\\.venv\\Lib\\site-packages\\httpx\\_client.py\", line 1657, in _send_handling_auth\n    response = await self._send_handling_redirects(\n               ^^^^^^^^^^^^^^^^^^^^^^^^^^^^^^^^^^^^\n    ...<3 lines>...\n    )\n    ^\n  File \"D:\\Project\\wordloom-v3\\.venv\\Lib\\site-packages\\httpx\\_client.py\", line 1694, in _send_handling_redirects\n    response = await self._send_single_request(request)\n               ^^^^^^^^^^^^^^^^^^^^^^^^^^^^^^^^^^^^^^^^\n  File \"D:\\Project\\wordloom-v3\\.venv\\Lib\\site-packages\\httpx\\_client.py\", line 1730, in _send_single_request\n    response = await transport.handle_async_request(request)\n               ^^^^^^^^^^^^^^^^^^^^^^^^^^^^^^^^^^^^^^^^^^^^^\n  File \"D:\\Project\\wordloom-v3\\.venv\\Lib\\site-packages\\opentelemetry\\instrumentation\\httpx\\__init__.py\", line 1241, in _handle_async_request_wrapper\n    raise exception.with_traceback(exception.__traceback__)\n  File \"D:\\Project\\wordloom-v3\\.venv\\Lib\\site-packages\\opentelemetry\\instrumentation\\httpx\\__init__.py\", line 1199, in _handle_async_request_wrapper\n    response = await wrapped(*args, **kwargs)\n               ^^^^^^^^^^^^^^^^^^^^^^^^^^^^^^\n  File \"D:\\Project\\wordloom-v3\\.venv\\Lib\\site-packages\\httpx\\_transports\\default.py\", line 393, in handle_async_request\n    with map_httpcore_exceptions():\n         ~~~~~~~~~~~~~~~~~~~~~~~^^\n  File \"C:\\Python314\\Lib\\contextlib.py\", line 162, in __exit__\n    self.gen.throw(value)\n    ~~~~~~~~~~~~~~^^^^^^^\n  File \"D:\\Project\\wordloom-v3\\.venv\\Lib\\site-packages\\httpx\\_transports\\default.py\", line 118, in map_httpcore_exceptions\n    raise mapped_exc(message) from exc\nhttpx.ConnectError: All connection attempts failed"}
{"ts": "2026-02-14T10:43:15.788991+00:00", "level": "ERROR", "logger": "__main__", "message": "Failed to process outbox event fa88df58-7aa7-406e-91ed-713de1564346", "taskName": "Task-35", "trace_id": "2693901b28fdc544bb629252a1dc31ed", "span_id": "45b748ea6026d024", "exc_info": "Traceback (most recent call last):\n  File \"D:\\Project\\wordloom-v3\\.venv\\Lib\\site-packages\\httpx\\_transports\\default.py\", line 101, in map_httpcore_exceptions\n    yield\n  File \"D:\\Project\\wordloom-v3\\.venv\\Lib\\site-packages\\httpx\\_transports\\default.py\", line 394, in handle_async_request\n    resp = await self._pool.handle_async_request(req)\n           ^^^^^^^^^^^^^^^^^^^^^^^^^^^^^^^^^^^^^^^^^^\n  File \"D:\\Project\\wordloom-v3\\.venv\\Lib\\site-packages\\httpcore\\_async\\connection_pool.py\", line 256, in handle_async_request\n    raise exc from None\n  File \"D:\\Project\\wordloom-v3\\.venv\\Lib\\site-packages\\httpcore\\_async\\connection_pool.py\", line 236, in handle_async_request\n    response = await connection.handle_async_request(\n               ^^^^^^^^^^^^^^^^^^^^^^^^^^^^^^^^^^^^^^\n        pool_request.request\n        ^^^^^^^^^^^^^^^^^^^^\n    )\n    ^\n  File \"D:\\Project\\wordloom-v3\\.venv\\Lib\\site-packages\\httpcore\\_async\\connection.py\", line 101, in handle_async_request\n    raise exc\n  File \"D:\\Project\\wordloom-v3\\.venv\\Lib\\site-packages\\httpcore\\_async\\connection.py\", line 78, in handle_async_request\n    stream = await self._connect(request)\n             ^^^^^^^^^^^^^^^^^^^^^^^^^^^^\n  File \"D:\\Project\\wordloom-v3\\.venv\\Lib\\site-packages\\httpcore\\_async\\connection.py\", line 124, in _connect\n    stream = await self._network_backend.connect_tcp(**kwargs)\n             ^^^^^^^^^^^^^^^^^^^^^^^^^^^^^^^^^^^^^^^^^^^^^^^^^\n  File \"D:\\Project\\wordloom-v3\\.venv\\Lib\\site-packages\\httpcore\\_backends\\auto.py\", line 31, in connect_tcp\n    return await self._backend.connect_tcp(\n           ^^^^^^^^^^^^^^^^^^^^^^^^^^^^^^^^\n    ...<5 lines>...\n    )\n    ^\n  File \"D:\\Project\\wordloom-v3\\.venv\\Lib\\site-packages\\httpcore\\_backends\\anyio.py\", line 113, in connect_tcp\n    with map_exceptions(exc_map):\n         ~~~~~~~~~~~~~~^^^^^^^^^\n  File \"C:\\Python314\\Lib\\contextlib.py\", line 162, in __exit__\n    self.gen.throw(value)\n    ~~~~~~~~~~~~~~^^^^^^^\n  File \"D:\\Project\\wordloom-v3\\.venv\\Lib\\site-packages\\httpcore\\_exceptions.py\", line 14, in map_exceptions\n    raise to_exc(exc) from exc\nhttpcore.ConnectError: All connection attempts failed\n\nThe above exception was the direct cause of the following exception:\n\nTraceback (most recent call last):\n  File \"D:\\Project\\wordloom-v3\\backend\\scripts\\legacy\\search_outbox_worker.py\", line 921, in _process_one\n    await _process_delete(client, es_index, ev)\n  File \"D:\\Project\\wordloom-v3\\backend\\scripts\\legacy\\search_outbox_worker.py\", line 379, in _process_delete\n    resp = await client.delete(f\"/{index}/_doc/{doc_id}\")\n           ^^^^^^^^^^^^^^^^^^^^^^^^^^^^^^^^^^^^^^^^^^^^^^\n  File \"D:\\Project\\wordloom-v3\\.venv\\Lib\\site-packages\\httpx\\_client.py\", line 1966, in delete\n    return await self.request(\n           ^^^^^^^^^^^^^^^^^^^\n    ...<9 lines>...\n    )\n    ^\n  File \"D:\\Project\\wordloom-v3\\.venv\\Lib\\site-packages\\httpx\\_client.py\", line 1540, in request\n    return await self.send(request, auth=auth, follow_redirects=follow_redirects)\n           ^^^^^^^^^^^^^^^^^^^^^^^^^^^^^^^^^^^^^^^^^^^^^^^^^^^^^^^^^^^^^^^^^^^^^^\n  File \"D:\\Project\\wordloom-v3\\.venv\\Lib\\site-packages\\httpx\\_client.py\", line 1629, in send\n    response = await self._send_handling_auth(\n               ^^^^^^^^^^^^^^^^^^^^^^^^^^^^^^^\n    ...<4 lines>...\n    )\n    ^\n  File \"D:\\Project\\wordloom-v3\\.venv\\Lib\\site-packages\\httpx\\_client.py\", line 1657, in _send_handling_auth\n    response = await self._send_handling_redirects(\n               ^^^^^^^^^^^^^^^^^^^^^^^^^^^^^^^^^^^^\n    ...<3 lines>...\n    )\n    ^\n  File \"D:\\Project\\wordloom-v3\\.venv\\Lib\\site-packages\\httpx\\_client.py\", line 1694, in _send_handling_redirects\n    response = await self._send_single_request(request)\n               ^^^^^^^^^^^^^^^^^^^^^^^^^^^^^^^^^^^^^^^^\n  File \"D:\\Project\\wordloom-v3\\.venv\\Lib\\site-packages\\httpx\\_client.py\", line 1730, in _send_single_request\n    response = await transport.handle_async_request(request)\n               ^^^^^^^^^^^^^^^^^^^^^^^^^^^^^^^^^^^^^^^^^^^^^\n  File \"D:\\Project\\wordloom-v3\\.venv\\Lib\\site-packages\\opentelemetry\\instrumentation\\httpx\\__init__.py\", line 1241, in _handle_async_request_wrapper\n    raise exception.with_traceback(exception.__traceback__)\n  File \"D:\\Project\\wordloom-v3\\.venv\\Lib\\site-packages\\opentelemetry\\instrumentation\\httpx\\__init__.py\", line 1199, in _handle_async_request_wrapper\n    response = await wrapped(*args, **kwargs)\n               ^^^^^^^^^^^^^^^^^^^^^^^^^^^^^^\n  File \"D:\\Project\\wordloom-v3\\.venv\\Lib\\site-packages\\httpx\\_transports\\default.py\", line 393, in handle_async_request\n    with map_httpcore_exceptions():\n         ~~~~~~~~~~~~~~~~~~~~~~~^^\n  File \"C:\\Python314\\Lib\\contextlib.py\", line 162, in __exit__\n    self.gen.throw(value)\n    ~~~~~~~~~~~~~~^^^^^^^\n  File \"D:\\Project\\wordloom-v3\\.venv\\Lib\\site-packages\\httpx\\_transports\\default.py\", line 118, in map_httpcore_exceptions\n    raise mapped_exc(message) from exc\nhttpx.ConnectError: All connection attempts failed"}
{"ts": "2026-02-14T10:43:18.107634+00:00", "level": "ERROR", "logger": "__main__", "message": "Failed to process outbox event 1c82c86d-7638-473d-a37e-8f70756c2f73", "taskName": "Task-36", "trace_id": "2693901b28fdc544bb629252a1dc31ed", "span_id": "8fadfa852ba4c210", "exc_info": "Traceback (most recent call last):\n  File \"D:\\Project\\wordloom-v3\\.venv\\Lib\\site-packages\\httpx\\_transports\\default.py\", line 101, in map_httpcore_exceptions\n    yield\n  File \"D:\\Project\\wordloom-v3\\.venv\\Lib\\site-packages\\httpx\\_transports\\default.py\", line 394, in handle_async_request\n    resp = await self._pool.handle_async_request(req)\n           ^^^^^^^^^^^^^^^^^^^^^^^^^^^^^^^^^^^^^^^^^^\n  File \"D:\\Project\\wordloom-v3\\.venv\\Lib\\site-packages\\httpcore\\_async\\connection_pool.py\", line 256, in handle_async_request\n    raise exc from None\n  File \"D:\\Project\\wordloom-v3\\.venv\\Lib\\site-packages\\httpcore\\_async\\connection_pool.py\", line 236, in handle_async_request\n    response = await connection.handle_async_request(\n               ^^^^^^^^^^^^^^^^^^^^^^^^^^^^^^^^^^^^^^\n        pool_request.request\n        ^^^^^^^^^^^^^^^^^^^^\n    )\n    ^\n  File \"D:\\Project\\wordloom-v3\\.venv\\Lib\\site-packages\\httpcore\\_async\\connection.py\", line 101, in handle_async_request\n    raise exc\n  File \"D:\\Project\\wordloom-v3\\.venv\\Lib\\site-packages\\httpcore\\_async\\connection.py\", line 78, in handle_async_request\n    stream = await self._connect(request)\n             ^^^^^^^^^^^^^^^^^^^^^^^^^^^^\n  File \"D:\\Project\\wordloom-v3\\.venv\\Lib\\site-packages\\httpcore\\_async\\connection.py\", line 124, in _connect\n    stream = await self._network_backend.connect_tcp(**kwargs)\n             ^^^^^^^^^^^^^^^^^^^^^^^^^^^^^^^^^^^^^^^^^^^^^^^^^\n  File \"D:\\Project\\wordloom-v3\\.venv\\Lib\\site-packages\\httpcore\\_backends\\auto.py\", line 31, in connect_tcp\n    return await self._backend.connect_tcp(\n           ^^^^^^^^^^^^^^^^^^^^^^^^^^^^^^^^\n    ...<5 lines>...\n    )\n    ^\n  File \"D:\\Project\\wordloom-v3\\.venv\\Lib\\site-packages\\httpcore\\_backends\\anyio.py\", line 113, in connect_tcp\n    with map_exceptions(exc_map):\n         ~~~~~~~~~~~~~~^^^^^^^^^\n  File \"C:\\Python314\\Lib\\contextlib.py\", line 162, in __exit__\n    self.gen.throw(value)\n    ~~~~~~~~~~~~~~^^^^^^^\n  File \"D:\\Project\\wordloom-v3\\.venv\\Lib\\site-packages\\httpcore\\_exceptions.py\", line 14, in map_exceptions\n    raise to_exc(exc) from exc\nhttpcore.ConnectError: All connection attempts failed\n\nThe above exception was the direct cause of the following exception:\n\nTraceback (most recent call last):\n  File \"D:\\Project\\wordloom-v3\\backend\\scripts\\legacy\\search_outbox_worker.py\", line 921, in _process_one\n    await _process_delete(client, es_index, ev)\n  File \"D:\\Project\\wordloom-v3\\backend\\scripts\\legacy\\search_outbox_worker.py\", line 379, in _process_delete\n    resp = await client.delete(f\"/{index}/_doc/{doc_id}\")\n           ^^^^^^^^^^^^^^^^^^^^^^^^^^^^^^^^^^^^^^^^^^^^^^\n  File \"D:\\Project\\wordloom-v3\\.venv\\Lib\\site-packages\\httpx\\_client.py\", line 1966, in delete\n    return await self.request(\n           ^^^^^^^^^^^^^^^^^^^\n    ...<9 lines>...\n    )\n    ^\n  File \"D:\\Project\\wordloom-v3\\.venv\\Lib\\site-packages\\httpx\\_client.py\", line 1540, in request\n    return await self.send(request, auth=auth, follow_redirects=follow_redirects)\n           ^^^^^^^^^^^^^^^^^^^^^^^^^^^^^^^^^^^^^^^^^^^^^^^^^^^^^^^^^^^^^^^^^^^^^^\n  File \"D:\\Project\\wordloom-v3\\.venv\\Lib\\site-packages\\httpx\\_client.py\", line 1629, in send\n    response = await self._send_handling_auth(\n               ^^^^^^^^^^^^^^^^^^^^^^^^^^^^^^^\n    ...<4 lines>...\n    )\n    ^\n  File \"D:\\Project\\wordloom-v3\\.venv\\Lib\\site-packages\\httpx\\_client.py\", line 1657, in _send_handling_auth\n    response = await self._send_handling_redirects(\n               ^^^^^^^^^^^^^^^^^^^^^^^^^^^^^^^^^^^^\n    ...<3 lines>...\n    )\n    ^\n  File \"D:\\Project\\wordloom-v3\\.venv\\Lib\\site-packages\\httpx\\_client.py\", line 1694, in _send_handling_redirects\n    response = await self._send_single_request(request)\n               ^^^^^^^^^^^^^^^^^^^^^^^^^^^^^^^^^^^^^^^^\n  File \"D:\\Project\\wordloom-v3\\.venv\\Lib\\site-packages\\httpx\\_client.py\", line 1730, in _send_single_request\n    response = await transport.handle_async_request(request)\n               ^^^^^^^^^^^^^^^^^^^^^^^^^^^^^^^^^^^^^^^^^^^^^\n  File \"D:\\Project\\wordloom-v3\\.venv\\Lib\\site-packages\\opentelemetry\\instrumentation\\httpx\\__init__.py\", line 1241, in _handle_async_request_wrapper\n    raise exception.with_traceback(exception.__traceback__)\n  File \"D:\\Project\\wordloom-v3\\.venv\\Lib\\site-packages\\opentelemetry\\instrumentation\\httpx\\__init__.py\", line 1199, in _handle_async_request_wrapper\n    response = await wrapped(*args, **kwargs)\n               ^^^^^^^^^^^^^^^^^^^^^^^^^^^^^^\n  File \"D:\\Project\\wordloom-v3\\.venv\\Lib\\site-packages\\httpx\\_transports\\default.py\", line 393, in handle_async_request\n    with map_httpcore_exceptions():\n         ~~~~~~~~~~~~~~~~~~~~~~~^^\n  File \"C:\\Python314\\Lib\\contextlib.py\", line 162, in __exit__\n    self.gen.throw(value)\n    ~~~~~~~~~~~~~~^^^^^^^\n  File \"D:\\Project\\wordloom-v3\\.venv\\Lib\\site-packages\\httpx\\_transports\\default.py\", line 118, in map_httpcore_exceptions\n    raise mapped_exc(message) from exc\nhttpx.ConnectError: All connection attempts failed"}
